<?xml version="1.0" encoding="UTF-8"?>
<!-- Generated by org.testng.reporters.JUnitReportReporter -->
<testsuite hostname="DESKTOP-D6H5LIH" name="MavenSeleniumTestProject.seleniumProject.TestCases" tests="1" failures="0" timestamp="25 Jul 2020 14:32:04 GMT" time="14.032" errors="0">
  <testcase name="MMTTest1" time="14.032" classname="MavenSeleniumTestProject.seleniumProject.TestCases"/>
</testsuite> <!-- MavenSeleniumTestProject.seleniumProject.TestCases -->
