<?xml version="1.0" encoding="UTF-8"?>
<!-- Generated by org.testng.reporters.JUnitReportReporter -->
<testsuite hostname="DESKTOP-D6H5LIH" name="MavenSeleniumTestProject.seleniumProject.TestCases" tests="1" failures="0" timestamp="23 Jul 2020 10:56:55 GMT" time="9.006" errors="0">
  <testcase name="MMTTest1" time="9.006" classname="MavenSeleniumTestProject.seleniumProject.TestCases"/>
</testsuite> <!-- MavenSeleniumTestProject.seleniumProject.TestCases -->
