<?xml version="1.0" encoding="UTF-8"?>
<!-- Generated by org.testng.reporters.JUnitReportReporter -->
<testsuite hostname="DESKTOP-D6H5LIH" name="Utilities.DriverManger" tests="1" failures="0" timestamp="20 Jul 2020 13:36:53 GMT" time="0.021" errors="0">
  <testcase name="getDriver" time="0.021" classname="Utilities.DriverManger"/>
</testsuite> <!-- Utilities.DriverManger -->
