<?xml version="1.0" encoding="UTF-8"?>
<!-- Generated by org.testng.reporters.JUnitReportReporter -->
<testsuite hostname="DESKTOP-D6H5LIH" name="MavenSeleniumTestProject.seleniumProject.TestCases3" tests="1" failures="0" timestamp="23 Jul 2020 10:56:55 GMT" time="5.525" errors="0">
  <testcase name="MMTTest3" time="5.525" classname="MavenSeleniumTestProject.seleniumProject.TestCases3"/>
</testsuite> <!-- MavenSeleniumTestProject.seleniumProject.TestCases3 -->
