<?xml version="1.0" encoding="UTF-8"?>
<!-- Generated by org.testng.reporters.JUnitReportReporter -->
<testsuite hostname="DESKTOP-D6H5LIH" name="MavenSeleniumTestProject.seleniumProject.TestCases" tests="1" failures="0" timestamp="24 Jul 2020 09:22:34 GMT" time="9.752" errors="0">
  <testcase name="MMTTest1" time="9.752" classname="MavenSeleniumTestProject.seleniumProject.TestCases"/>
</testsuite> <!-- MavenSeleniumTestProject.seleniumProject.TestCases -->
