<?xml version="1.0" encoding="UTF-8"?>
<!-- Generated by org.testng.reporters.JUnitReportReporter -->
<testsuite hostname="DESKTOP-D6H5LIH" name="MavenSeleniumTestProject.seleniumProject.TestCases3" tests="1" failures="0" timestamp="23 Jul 2020 11:11:49 GMT" time="8.970" errors="0">
  <testcase name="MMTTest3" time="8.970" classname="MavenSeleniumTestProject.seleniumProject.TestCases3"/>
</testsuite> <!-- MavenSeleniumTestProject.seleniumProject.TestCases3 -->
